<?xml version="1.0" encoding="utf-16"?><ShowPlanXML xmlns:xsi="http://www.w3.org/2001/XMLSchema-instance" xmlns:xsd="http://www.w3.org/2001/XMLSchema" Version="1.481" Build="14.0.3192.2" xmlns="http://schemas.microsoft.com/sqlserver/2004/07/showplan"><BatchSequence><Batch><Statements><StmtSimple StatementCompId="12" StatementEstRows="2.37703" StatementId="1" StatementOptmLevel="FULL" StatementOptmEarlyAbortReason="GoodEnoughPlanFound" CardinalityEstimationModelVersion="140" StatementSubTreeCost="0.0649678" StatementText="DELETE Object1&#xD;&#xA;&#x9;FROM Schema1.Object2 Object1&#xD;&#xA;&#x9;INNER JOIN Variable1 pltd&#xD;&#xA;&#x9;&#x9;ON Object3.Column1 = Object1.Column1&#xD;&#xA;&#x9;WHERE&#xD;&#xA;&#x9;&#x9;Object1.Column2 = Variable2&#xD;&#xA;&#x9;&#x9;AND Object1.Column3 = Variable3&#xD;&#xA;&#x9;&#x9;AND Object1.Column4 = Variable4" StatementType="DELETE" QueryHash="0xAF30296EBC52882C" QueryPlanHash="0x99E2B74B30BEFA09" RetrievedFromCache="false" StatementSqlHandle="0x09003C4EA88D0EC8BFECF53FF745F851C9BB0000000000000000000000000000000000000000000000000000" DatabaseContextSettingsId="2" ParentObjectId="348853351" BatchSqlHandle="0x030007006714CB1499D2AC00EEAC000001000000000000000000000000000000000000000000000000000000" StatementParameterizationType="0" SecurityPolicyApplied="false"><StatementSetOptions ANSI_NULLS="true" ANSI_PADDING="true" ANSI_WARNINGS="true" ARITHABORT="false" CONCAT_NULL_YIELDS_NULL="true" NUMERIC_ROUNDABORT="false" QUOTED_IDENTIFIER="true" /><QueryPlan CachedPlanSize="40" CompileTime="51" CompileCPU="4" CompileMemory="808"><MemoryGrantInfo SerialRequiredMemory="512" SerialDesiredMemory="544" /><OptimizerHardwareDependentProperties EstimatedAvailableMemoryGrant="3014656" EstimatedPagesCached="1507328" EstimatedAvailableDegreeOfParallelism="4" MaxCompileMemory="193314816" /><OptimizerStatsUsage><StatisticsInfo Database="Database1" Schema="Schema1" Table="Object2" Statistics="[IX_CompetitorListings_ItemID_ProfileID_CustomerChannelID]" ModificationCount="932080" SamplingPercent="9.77092" LastUpdate="2021-03-17T10:06:12.25" /><StatisticsInfo Database="Database1" Schema="Schema1" Table="Object2" Statistics="[_WA_Sys_00000002_2D13A691]" ModificationCount="907131" SamplingPercent="9.88091" LastUpdate="2021-03-17T10:06:27.57" /><StatisticsInfo Database="Database1" Schema="Schema1" Table="Object2" Statistics="[_WA_Sys_00000013_2D13A691]" ModificationCount="910960" SamplingPercent="9.88093" LastUpdate="2021-03-17T10:06:23.19" /><StatisticsInfo Database="Database1" Schema="Schema1" Table="Object2" Statistics="[PK_CompetitorListings]" ModificationCount="907131" SamplingPercent="9.88091" LastUpdate="2021-03-17T10:06:26.31" /><StatisticsInfo Database="Database1" Schema="Schema1" Table="Object2" Statistics="[IX_CompetitorListings_CreateDateGMT]" ModificationCount="917207" SamplingPercent="9.85563" LastUpdate="2021-03-17T10:06:20.37" /><StatisticsInfo Database="Database1" Schema="Schema1" Table="Object2" Statistics="[_WA_Sys_00000016_2D13A691]" ModificationCount="920825" SamplingPercent="9.80213" LastUpdate="2021-03-17T10:06:19.07" /></OptimizerStatsUsage><TraceFlags IsCompileTime="true"><TraceFlag Value="460" Scope="Global" /><TraceFlag Value="1254" Scope="Global" /><TraceFlag Value="3226" Scope="Global" /><TraceFlag Value="7745" Scope="Global" /><TraceFlag Value="7752" Scope="Global" /><TraceFlag Value="9888" Scope="Global" /></TraceFlags><RelOp AvgRowSize="9" EstimateCPU="7.13108E-06" EstimateIO="0.03" EstimateRebinds="0" EstimateRewinds="0" EstimatedExecutionMode="Row" EstimateRows="2.37703" LogicalOp="Delete" NodeId="0" Parallel="false" PhysicalOp="Clustered Index Delete" EstimatedTotalSubtreeCost="0.0649678"><OutputList /><Update DMLRequestSort="false"><Object Database="Database1" Schema="Schema1" Table="Object2" Index="Index1" Alias="Object1" IndexKind="Clustered" Storage="RowStore" /><Object Database="Database1" Schema="Schema1" Table="Object2" Index="Index2" Alias="Object1" IndexKind="NonClustered" Storage="RowStore" /><Object Database="Database1" Schema="Schema1" Table="Object2" Index="Index3" Alias="Object1" IndexKind="NonClustered" Storage="RowStore" /><RelOp AvgRowSize="16" EstimateCPU="4.18E-06" EstimateIO="0" EstimateRebinds="0" EstimateRewinds="0" EstimatedExecutionMode="Row" EstimateRows="1" LogicalOp="Inner Join" NodeId="2" Parallel="false" PhysicalOp="Nested Loops" EstimatedTotalSubtreeCost="0.0349602"><OutputList><ColumnReference Database="Database1" Schema="Schema1" Table="Object2" Alias="Object1" Column="Column5" /><ColumnReference Database="Database1" Schema="Schema1" Table="Object2" Alias="Object1" Column="Column2" /></OutputList><NestedLoops Optimized="false"><OuterReferences><ColumnReference Database="Database1" Schema="Schema1" Table="Object2" Alias="Object1" Column="Column5" /><ColumnReference Database="Database1" Schema="Schema1" Table="Object2" Alias="Object1" Column="Column2" /></OuterReferences><RelOp AvgRowSize="15" EstimateCPU="2.7727E-05" EstimateIO="0" EstimateRebinds="0" EstimateRewinds="0" EstimatedExecutionMode="Row" EstimateRows="1" LogicalOp="Inner Join" NodeId="3" Parallel="false" PhysicalOp="Nested Loops" EstimatedTotalSubtreeCost="0.0316729"><OutputList><ColumnReference Database="Database1" Schema="Schema1" Table="Object2" Alias="Object1" Column="Column5" /><ColumnReference Database="Database1" Schema="Schema1" Table="Object2" Alias="Object1" Column="Column2" /></OutputList><NestedLoops Optimized="false"><OuterReferences><ColumnReference Table="Object4" Alias="Object3" Column="Column1" /></OuterReferences><RelOp AvgRowSize="11" EstimateCPU="0.000474746" EstimateIO="0.0112613" EstimateRebinds="0" EstimateRewinds="0" EstimatedExecutionMode="Row" EstimateRows="6.63325" LogicalOp="Distinct Sort" NodeId="4" Parallel="false" PhysicalOp="Sort" EstimatedTotalSubtreeCost="0.0129954"><OutputList><ColumnReference Table="Object4" Alias="Object3" Column="Column1" /></OutputList><MemoryFractions Input="1" Output="1" /><Sort Distinct="true"><OrderBy><OrderByColumn Ascending="true"><ColumnReference Table="Object4" Alias="Object3" Column="Column1" /></OrderByColumn></OrderBy><RelOp AvgRowSize="11" EstimateCPU="0.0012594" EstimateIO="0" EstimateRebinds="0" EstimateRewinds="0" EstimatedExecutionMode="Row" EstimateRows="44" EstimatedRowsRead="44" LogicalOp="Index Scan" NodeId="5" Parallel="false" PhysicalOp="Index Scan" EstimatedTotalSubtreeCost="0.0012594" TableCardinality="44"><OutputList><ColumnReference Table="Object4" Alias="Object3" Column="Column1" /></OutputList><IndexScan Ordered="false" ForcedIndex="false" ForceSeek="false" ForceScan="false" NoExpandHint="false" Storage="MemoryOptimized"><DefinedValues><DefinedValue><ColumnReference Table="Object4" Alias="Object3" Column="Column1" /></DefinedValue></DefinedValues><Object Table="Object4" Index="Index4" Alias="Object3" IndexKind="NonClustered" Storage="MemoryOptimized" /></IndexScan></RelOp></Sort></RelOp><RelOp AvgRowSize="15" EstimateCPU="0.0001581" EstimateIO="0.003125" EstimateRebinds="5.63325" EstimateRewinds="0" EstimatedExecutionMode="Row" EstimateRows="1" EstimatedRowsRead="1" LogicalOp="Index Seek" NodeId="6" Parallel="false" PhysicalOp="Index Seek" EstimatedTotalSubtreeCost="0.0186498" TableCardinality="2430250"><OutputList><ColumnReference Database="Database1" Schema="Schema1" Table="Object2" Alias="Object1" Column="Column5" /><ColumnReference Database="Database1" Schema="Schema1" Table="Object2" Alias="Object1" Column="Column2" /></OutputList><IndexScan Ordered="true" ScanDirection="FORWARD" ForcedIndex="false" ForceSeek="false" ForceScan="false" NoExpandHint="false" Storage="RowStore"><DefinedValues><DefinedValue><ColumnReference Database="Database1" Schema="Schema1" Table="Object2" Alias="Object1" Column="Column5" /></DefinedValue><DefinedValue><ColumnReference Database="Database1" Schema="Schema1" Table="Object2" Alias="Object1" Column="Column2" /></DefinedValue></DefinedValues><Object Database="Database1" Schema="Schema1" Table="Object2" Index="Index3" Alias="Object1" IndexKind="NonClustered" Storage="RowStore" /><SeekPredicates><SeekPredicateNew><SeekKeys><Prefix ScanType="EQ"><RangeColumns><ColumnReference Database="Database1" Schema="Schema1" Table="Object2" Alias="Object1" Column="Column1" /><ColumnReference Database="Database1" Schema="Schema1" Table="Object2" Alias="Object1" Column="Column2" /><ColumnReference Database="Database1" Schema="Schema1" Table="Object2" Alias="Object1" Column="Column3" /></RangeColumns><RangeExpressions><ScalarOperator ScalarString="ScalarString1"><Identifier><ColumnReference Table="Object4" Alias="Object3" Column="Column1" /></Identifier></ScalarOperator><ScalarOperator ScalarString="ScalarString2"><Identifier><ColumnReference Column="Column6" /></Identifier></ScalarOperator><ScalarOperator ScalarString="ScalarString3"><Identifier><ColumnReference Column="Column7" /></Identifier></ScalarOperator></RangeExpressions></Prefix></SeekKeys></SeekPredicateNew></SeekPredicates></IndexScan></RelOp></NestedLoops></RelOp><RelOp AvgRowSize="9" EstimateCPU="0.0001581" EstimateIO="0.003125" EstimateRebinds="0" EstimateRewinds="0" EstimatedExecutionMode="Row" EstimateRows="1" LogicalOp="Clustered Index Seek" NodeId="8" Parallel="false" PhysicalOp="Clustered Index Seek" EstimatedTotalSubtreeCost="0.0032831" TableCardinality="2430250"><OutputList /><IndexScan Lookup="true" Ordered="true" ScanDirection="FORWARD" ForcedIndex="false" ForceSeek="false" ForceScan="false" NoExpandHint="false" Storage="RowStore"><DefinedValues /><Object Database="Database1" Schema="Schema1" Table="Object2" Index="Index1" Alias="Object1" TableReferenceId="-1" IndexKind="Clustered" Storage="RowStore" /><SeekPredicates><SeekPredicateNew><SeekKeys><Prefix ScanType="EQ"><RangeColumns><ColumnReference Database="Database1" Schema="Schema1" Table="Object2" Alias="Object1" Column="Column5" /><ColumnReference Database="Database1" Schema="Schema1" Table="Object2" Alias="Object1" Column="Column2" /></RangeColumns><RangeExpressions><ScalarOperator ScalarString="ScalarString4"><Identifier><ColumnReference Database="Database1" Schema="Schema1" Table="Object2" Alias="Object1" Column="Column5" /></Identifier></ScalarOperator><ScalarOperator ScalarString="ScalarString5"><Identifier><ColumnReference Database="Database1" Schema="Schema1" Table="Object2" Alias="Object1" Column="Column2" /></Identifier></ScalarOperator></RangeExpressions></Prefix></SeekKeys></SeekPredicateNew></SeekPredicates><Predicate><ScalarOperator ScalarString="ScalarString6"><Compare CompareOp="EQ"><ScalarOperator><Identifier><ColumnReference Database="Database1" Schema="Schema1" Table="Object2" Alias="Object1" Column="Column4" /></Identifier></ScalarOperator><ScalarOperator><Identifier><ColumnReference Column="Column8" /></Identifier></ScalarOperator></Compare></ScalarOperator></Predicate></IndexScan></RelOp></NestedLoops></RelOp></Update></RelOp><ParameterList><ColumnReference Column="Column8" ParameterDataType="tinyint" ParameterCompiledValue="Value1" /><ColumnReference Column="Column7" ParameterDataType="int" ParameterCompiledValue="Value2" /><ColumnReference Column="Column6" ParameterDataType="int" ParameterCompiledValue="Value3" /></ParameterList></QueryPlan></StmtSimple></Statements></Batch></BatchSequence></ShowPlanXML>