<?xml version="1.0" encoding="utf-16"?><ShowPlanXML xmlns:xsi="http://www.w3.org/2001/XMLSchema-instance" xmlns:xsd="http://www.w3.org/2001/XMLSchema" Version="1.481" Build="14.0.3192.2" xmlns="http://schemas.microsoft.com/sqlserver/2004/07/showplan"><BatchSequence><Batch><Statements><StmtSimple StatementCompId="12" StatementEstRows="1" StatementId="1" StatementOptmLevel="FULL" StatementOptmEarlyAbortReason="GoodEnoughPlanFound" CardinalityEstimationModelVersion="140" StatementSubTreeCost="0.0339994" StatementText="DELETE Object1&#xD;&#xA;&#x9;FROM Schema1.Object2 Object1&#xD;&#xA;&#x9;INNER JOIN Variable1 pltd&#xD;&#xA;&#x9;&#x9;ON Object3.Column1 = Object1.Column1&#xD;&#xA;&#x9;WHERE&#xD;&#xA;&#x9;&#x9;Object1.Column2 = Variable2&#xD;&#xA;&#x9;&#x9;AND Object1.Column3 = Variable3&#xD;&#xA;&#x9;&#x9;AND Object1.Column4 = Variable4" StatementType="DELETE" QueryHash="0xB30164541A9CCB58" QueryPlanHash="0x34B3093730F17F1A" RetrievedFromCache="true" StatementSqlHandle="0x09003C4EA88D0EC8BFECF53FF745F851C9BB0000000000000000000000000000000000000000000000000000" DatabaseContextSettingsId="2" ParentObjectId="348853351" BatchSqlHandle="0x030007006714CB1499D2AC00EEAC000001000000000000000000000000000000000000000000000000000000" StatementParameterizationType="0" SecurityPolicyApplied="false"><StatementSetOptions ANSI_NULLS="true" ANSI_PADDING="true" ANSI_WARNINGS="true" ARITHABORT="false" CONCAT_NULL_YIELDS_NULL="true" NUMERIC_ROUNDABORT="false" QUOTED_IDENTIFIER="true" /><QueryPlan CachedPlanSize="32" CompileTime="3" CompileCPU="3" CompileMemory="584"><MemoryGrantInfo SerialRequiredMemory="0" SerialDesiredMemory="0" /><OptimizerHardwareDependentProperties EstimatedAvailableMemoryGrant="3014656" EstimatedPagesCached="1507328" EstimatedAvailableDegreeOfParallelism="4" MaxCompileMemory="165025352" /><OptimizerStatsUsage><StatisticsInfo Database="Database1" Schema="Schema1" Table="Object2" Statistics="[_WA_Sys_00000001_2D13A691]" ModificationCount="37396" SamplingPercent="9.38703" LastUpdate="2022-02-21T11:48:28.18" /><StatisticsInfo Database="Database1" Schema="Schema1" Table="Object2" Statistics="[IX_CompetitorListings_ItemID_ProfileID_CustomerChannelID]" ModificationCount="37396" SamplingPercent="10.4733" LastUpdate="2022-02-21T11:48:29.51" /><StatisticsInfo Database="Database1" Schema="Schema1" Table="Object2" Statistics="[_WA_Sys_00000013_2D13A691]" ModificationCount="37396" SamplingPercent="10.425" LastUpdate="2022-02-21T11:48:42.02" /><StatisticsInfo Database="Database1" Schema="Schema1" Table="Object2" Statistics="[PK_CompetitorListings]" ModificationCount="37396" SamplingPercent="9.38703" LastUpdate="2022-02-21T11:48:46.16" /><StatisticsInfo Database="Database1" Schema="Schema1" Table="Object2" Statistics="[IX_CompetitorListings_CreateDateGMT]" ModificationCount="37396" SamplingPercent="10.4733" LastUpdate="2022-02-21T11:48:39.46" /><StatisticsInfo Database="Database1" Schema="Schema1" Table="Object2" Statistics="[_WA_Sys_00000016_2D13A691]" ModificationCount="37396" SamplingPercent="10.4733" LastUpdate="2022-02-21T11:48:38.17" /></OptimizerStatsUsage><TraceFlags IsCompileTime="true"><TraceFlag Value="460" Scope="Global" /><TraceFlag Value="1254" Scope="Global" /><TraceFlag Value="3226" Scope="Global" /><TraceFlag Value="7745" Scope="Global" /><TraceFlag Value="7752" Scope="Global" /><TraceFlag Value="9888" Scope="Global" /></TraceFlags><RelOp AvgRowSize="9" EstimateCPU="3E-06" EstimateIO="0.03" EstimateRebinds="0" EstimateRewinds="0" EstimatedExecutionMode="Row" EstimateRows="1" LogicalOp="Delete" NodeId="0" Parallel="false" PhysicalOp="Clustered Index Delete" EstimatedTotalSubtreeCost="0.0339994"><OutputList /><Update DMLRequestSort="false"><Object Database="Database1" Schema="Schema1" Table="Object2" Index="Index1" Alias="Object1" IndexKind="Clustered" Storage="RowStore" /><Object Database="Database1" Schema="Schema1" Table="Object2" Index="Index2" Alias="Object1" IndexKind="NonClustered" Storage="RowStore" /><Object Database="Database1" Schema="Schema1" Table="Object2" Index="Index3" Alias="Object1" IndexKind="NonClustered" Storage="RowStore" /><RelOp AvgRowSize="15" EstimateCPU="6.27E-06" EstimateIO="0" EstimateRebinds="0" EstimateRewinds="0" EstimatedExecutionMode="Row" EstimateRows="1" LogicalOp="Left Semi Join" NodeId="1" Parallel="false" PhysicalOp="Nested Loops" EstimatedTotalSubtreeCost="0.00399641"><OutputList><ColumnReference Database="Database1" Schema="Schema1" Table="Object2" Alias="Object1" Column="Column5" /><ColumnReference Database="Database1" Schema="Schema1" Table="Object2" Alias="Object1" Column="Column2" /></OutputList><NestedLoops Optimized="false"><Predicate><ScalarOperator ScalarString="ScalarString1"><Compare CompareOp="EQ"><ScalarOperator><Identifier><ColumnReference Database="Database1" Schema="Schema1" Table="Object2" Alias="Object1" Column="Column1" /></Identifier></ScalarOperator><ScalarOperator><Identifier><ColumnReference Table="Object4" Alias="Object3" Column="Column1" /></Identifier></ScalarOperator></Compare></ScalarOperator></Predicate><RelOp AvgRowSize="24" EstimateCPU="0.000274161" EstimateIO="0.003125" EstimateRebinds="0" EstimateRewinds="0" EstimatedExecutionMode="Row" EstimateRows="1" EstimatedRowsRead="106.51" LogicalOp="Clustered Index Seek" NodeId="2" Parallel="false" PhysicalOp="Clustered Index Seek" EstimatedTotalSubtreeCost="0.00339916" TableCardinality="2915030"><OutputList><ColumnReference Database="Database1" Schema="Schema1" Table="Object2" Alias="Object1" Column="Column5" /><ColumnReference Database="Database1" Schema="Schema1" Table="Object2" Alias="Object1" Column="Column2" /><ColumnReference Database="Database1" Schema="Schema1" Table="Object2" Alias="Object1" Column="Column1" /></OutputList><IndexScan Ordered="true" ScanDirection="FORWARD" ForcedIndex="false" ForceSeek="false" ForceScan="false" NoExpandHint="false" Storage="RowStore"><DefinedValues><DefinedValue><ColumnReference Database="Database1" Schema="Schema1" Table="Object2" Alias="Object1" Column="Column5" /></DefinedValue><DefinedValue><ColumnReference Database="Database1" Schema="Schema1" Table="Object2" Alias="Object1" Column="Column2" /></DefinedValue><DefinedValue><ColumnReference Database="Database1" Schema="Schema1" Table="Object2" Alias="Object1" Column="Column1" /></DefinedValue></DefinedValues><Object Database="Database1" Schema="Schema1" Table="Object2" Index="Index1" Alias="Object1" IndexKind="Clustered" Storage="RowStore" /><SeekPredicates><SeekPredicateNew><SeekKeys><Prefix ScanType="EQ"><RangeColumns><ColumnReference Database="Database1" Schema="Schema1" Table="Object2" Alias="Object1" Column="Column2" /></RangeColumns><RangeExpressions><ScalarOperator ScalarString="ScalarString2"><Identifier><ColumnReference Column="Column6" /></Identifier></ScalarOperator></RangeExpressions></Prefix></SeekKeys></SeekPredicateNew></SeekPredicates><Predicate><ScalarOperator ScalarString="ScalarString3"><Logical Operation="AND"><ScalarOperator><Compare CompareOp="EQ"><ScalarOperator><Identifier><ColumnReference Database="Database1" Schema="Schema1" Table="Object2" Alias="Object1" Column="Column3" /></Identifier></ScalarOperator><ScalarOperator><Identifier><ColumnReference Column="Column7" /></Identifier></ScalarOperator></Compare></ScalarOperator><ScalarOperator><Compare CompareOp="EQ"><ScalarOperator><Identifier><ColumnReference Database="Database1" Schema="Schema1" Table="Object2" Alias="Object1" Column="Column4" /></Identifier></ScalarOperator><ScalarOperator><Identifier><ColumnReference Column="Column8" /></Identifier></ScalarOperator></Compare></ScalarOperator></Logical></ScalarOperator></Predicate></IndexScan></RelOp><RelOp AvgRowSize="11" EstimateCPU="0.0004968" EstimateIO="0" EstimateRebinds="0" EstimateRewinds="0" EstimatedExecutionMode="Row" EstimateRows="3" EstimatedRowsRead="3" LogicalOp="Index Scan" NodeId="3" Parallel="false" PhysicalOp="Index Scan" EstimatedTotalSubtreeCost="0.0004968" TableCardinality="3"><OutputList><ColumnReference Table="Object4" Alias="Object3" Column="Column1" /></OutputList><IndexScan Ordered="false" ForcedIndex="false" ForceSeek="false" ForceScan="false" NoExpandHint="false" Storage="MemoryOptimized"><DefinedValues><DefinedValue><ColumnReference Table="Object4" Alias="Object3" Column="Column1" /></DefinedValue></DefinedValues><Object Table="Object4" Index="Index4" Alias="Object3" IndexKind="NonClustered" Storage="MemoryOptimized" /></IndexScan></RelOp></NestedLoops></RelOp></Update></RelOp><ParameterList><ColumnReference Column="Column8" ParameterDataType="tinyint" ParameterCompiledValue="Value1" /><ColumnReference Column="Column7" ParameterDataType="int" ParameterCompiledValue="Value2" /><ColumnReference Column="Column6" ParameterDataType="int" ParameterCompiledValue="Value3" /></ParameterList></QueryPlan></StmtSimple></Statements></Batch></BatchSequence></ShowPlanXML>